2017-12-21 02:35 -05:00: 独立启动listen in port :80
2017-12-21 02:35 -05:00: 进入网站首页控制器
2017-12-21 03:01 -05:00: 进入网站首页控制器
2017-12-21 03:03 -05:00: 独立启动listen in port :80
2017-12-21 03:03 -05:00: 进入网站首页控制器
2017-12-21 03:16 -05:00: 进入网站首页控制器
2017-12-21 03:16 -05:00: 进入网站首页控制器
2017-12-21 03:18 -05:00: 进入网站首页控制器
2017-12-21 03:37 -05:00: 独立启动listen in port :80
2017-12-21 03:37 -05:00: 进入网站首页控制器
2017-12-21 03:37 -05:00: 啊啊啊
2017-12-21 03:37 -05:00: 进入网站首页控制器
2017-12-21 03:37 -05:00: 啊啊啊
2017-12-21 03:40 -05:00: 进入网站首页控制器
2017-12-21 03:40 -05:00: 啊啊啊
2017-12-21 03:40 -05:00: 进入网站首页控制器
2017-12-21 03:40 -05:00: 进入网站首页控制器
2017-12-21 03:41 -05:00: 进入网站首页控制器
2017-12-21 03:41 -05:00: 进入网站首页控制器
2017-12-21 03:41 -05:00: 啊啊啊
2017-12-21 03:42 -05:00: 进入网站首页控制器
2017-12-21 03:42 -05:00: 进入网站首页控制器
2017-12-21 03:42 -05:00: 进入网站首页控制器
2017-12-21 03:42 -05:00: BadRequestError: Malicious Path
    at resolvePath (/root/blogs/blog/node_modules/resolve-path/index.js:77:11)
    at send (/root/blogs/blog/node_modules/koa-send/index.js:68:10)
    at serve (/root/blogs/blog/node_modules/koa-static/index.js:44:24)
    at dispatch (/root/blogs/blog/node_modules/koa-compose/index.js:42:32)
    at next (/root/blogs/blog/node_modules/koa-compose/index.js:43:18)
    at App.use (/root/blogs/blog/app.js:14:15)
    at dispatch (/root/blogs/blog/node_modules/koa-compose/index.js:42:32)
    at /root/blogs/blog/node_modules/koa-compose/index.js:34:12
    at Application.handleRequest (/root/blogs/blog/node_modules/koa/lib/application.js:150:12)
    at Server.handleRequest (/root/blogs/blog/node_modules/koa/lib/application.js:132:19)
    at Server.emit (events.js:159:13)
    at parserOnIncoming (_http_server.js:619:12)
    at HTTPParser.parserOnHeadersComplete (_http_common.js:115:23)
2017-12-21 03:43 -05:00: 独立启动listen in port :80
2017-12-21 03:43 -05:00: 进入网站首页控制器
2017-12-21 03:43 -05:00: 进入网站首页控制器
2017-12-21 03:44 -05:00: 进入网站首页控制器
2017-12-21 04:12 -05:00: 独立启动listen in port :80
2017-12-21 04:13 -05:00: 进入网站首页控制器
2017-12-21 04:13 -05:00: 进入网站首页控制器
2017-12-21 04:15 -05:00: 进入网站首页控制器
2017-12-21 04:25 -05:00: 进入网站首页控制器
2017-12-21 04:34 -05:00: 进入网站首页控制器
2017-12-21 04:34 -05:00: 进入网站首页控制器
2017-12-21 05:44 -05:00: 进入网站首页控制器
2017-12-21 05:52 -05:00: 进入网站首页控制器
2017-12-21 06:09 -05:00: 进入网站首页控制器
2017-12-21 07:43 -05:00: 进入网站首页控制器
2017-12-21 08:27 -05:00: 进入网站首页控制器
2017-12-21 08:29 -05:00: 进入网站首页控制器
2017-12-21 13:17 -05:00: 进入网站首页控制器
2017-12-21 13:19 -05:00: 进入网站首页控制器
2017-12-21 13:45 -05:00: 进入网站首页控制器
2017-12-21 15:32 -05:00: 进入网站首页控制器
2017-12-21 15:36 -05:00: 进入网站首页控制器
2017-12-21 15:36 -05:00: 进入网站首页控制器
2017-12-21 15:36 -05:00: 进入网站首页控制器
2017-12-21 15:36 -05:00: 进入网站首页控制器
2017-12-21 15:36 -05:00: 进入网站首页控制器
2017-12-21 17:32 -05:00: 进入网站首页控制器
2017-12-21 17:32 -05:00: 进入网站首页控制器
2017-12-21 17:32 -05:00: 进入网站首页控制器
2017-12-21 17:32 -05:00: 进入网站首页控制器
2017-12-21 17:35 -05:00: 进入网站首页控制器
2017-12-21 18:23 -05:00: 进入网站首页控制器
2017-12-21 18:23 -05:00: 进入网站首页控制器
2017-12-21 18:58 -05:00: 进入网站首页控制器
2017-12-21 18:58 -05:00: 进入网站首页控制器
2017-12-21 18:58 -05:00: 进入网站首页控制器
2017-12-21 18:58 -05:00: 进入网站首页控制器
2017-12-21 18:58 -05:00: 进入网站首页控制器
2017-12-21 18:59 -05:00: 进入网站首页控制器
2017-12-21 18:59 -05:00: 进入网站首页控制器
2017-12-21 19:45 -05:00: 进入网站首页控制器
2017-12-21 19:45 -05:00: 进入网站首页控制器
2017-12-21 20:32 -05:00: 进入网站首页控制器
2017-12-21 20:39 -05:00: 进入网站首页控制器
2017-12-21 21:17 -05:00: 进入网站首页控制器
2017-12-21 21:32 -05:00: 进入网站首页控制器
2017-12-21 21:32 -05:00: 进入网站首页控制器
2017-12-21 21:33 -05:00: 进入网站首页控制器
